{"ts":1707733509257,"action":"PROJECT_OPENED","tags":{"PROJECT_NAME":"grade-ledger"}}
{"ts":1707733511137,"action":"FILE_OPENED","file":"/Cargo.toml","tags":{"FILE_LINE_OF_CODE":"9"}}
{"ts":1707733511430,"action":"FILE_CLOSED","file":"/Cargo.toml","tags":{"FILE_LINE_OF_CODE":"9"}}
{"ts":1707733511430,"action":"FILE_OPENED","file":"/src/main.rs","tags":{"FILE_LINE_OF_CODE":"4"}}
{"ts":1707733595938,"action":"IDE_DEACTIVATED"}
{"ts":1707733598504,"action":"IDE_ACTIVATED"}
{"ts":1707733608503,"action":"IDE_DEACTIVATED"}
{"ts":1707733634248,"action":"IDE_ACTIVATED"}
{"ts":1707733644180,"action":"IDE_DEACTIVATED"}
{"ts":1707733688534,"action":"IDE_ACTIVATED"}
{"ts":1707733689474,"action":"IDE_DEACTIVATED"}
{"ts":1707733691431,"action":"IDE_ACTIVATED"}
{"ts":1707733691963,"action":"IDE_DEACTIVATED"}
{"ts":1707733693636,"action":"IDE_ACTIVATED"}
{"ts":1707733966747,"action":"IDE_DEACTIVATED"}
{"ts":1707733966748,"action":"IDE_ACTIVATED"}
{"ts":1707734114339,"action":"IDE_DEACTIVATED"}
{"ts":1707735646816,"action":"IDE_ACTIVATED"}
{"ts":1707735834775,"action":"IDE_DEACTIVATED"}
{"ts":1707736472948,"action":"IDE_ACTIVATED"}
{"ts":1707736603084,"action":"IDE_DEACTIVATED"}
{"ts":1707739164917,"action":"IDE_ACTIVATED"}
{"ts":1707739169064,"action":"IDE_DEACTIVATED"}
{"ts":1707739171581,"action":"IDE_ACTIVATED"}
{"ts":1707739362246,"action":"IDE_DEACTIVATED"}
{"ts":1707745173018,"action":"IDE_ACTIVATED"}
{"ts":1707745174526,"action":"IDE_DEACTIVATED"}
{"ts":1707748175929,"action":"IDE_ACTIVATED"}
{"ts":1707748179724,"action":"IDE_DEACTIVATED"}
{"ts":1707749442098,"action":"IDE_ACTIVATED"}
{"ts":1707749472396,"action":"IDE_DEACTIVATED"}
{"ts":1707749505091,"action":"IDE_ACTIVATED"}
{"ts":1707749510585,"action":"IDE_DEACTIVATED"}
{"ts":1707749511707,"action":"IDE_ACTIVATED"}
{"ts":1707749617925,"action":"IDE_DEACTIVATED"}
{"ts":1707749617927,"action":"IDE_ACTIVATED"}
{"ts":1707749636097,"action":"IDE_DEACTIVATED"}
{"ts":1707749636098,"action":"IDE_ACTIVATED"}
{"ts":1707749934045,"action":"IDE_DEACTIVATED"}
{"ts":1707751521227,"action":"IDE_ACTIVATED"}
{"ts":1707751525930,"action":"IDE_DEACTIVATED"}
{"ts":1707751634898,"action":"IDE_ACTIVATED"}
{"ts":1707751637997,"action":"IDE_DEACTIVATED"}
{"ts":1707766261209,"action":"IDE_ACTIVATED"}
{"ts":1707766429469,"action":"IDE_DEACTIVATED"}
{"ts":1707766431673,"action":"IDE_ACTIVATED"}
{"ts":1707766614056,"action":"IDE_ACTIVATED"}
{"ts":1707767463327,"action":"IDE_DEACTIVATED"}
{"ts":1707767487619,"action":"IDE_ACTIVATED"}
{"ts":1707767500484,"action":"IDE_DEACTIVATED"}
{"ts":1707767500986,"action":"IDE_ACTIVATED"}
{"ts":1707767502427,"action":"IDE_DEACTIVATED"}
{"ts":1707767547552,"action":"IDE_ACTIVATED"}
{"ts":1707767550721,"action":"IDE_DEACTIVATED"}
{"ts":1707767556206,"action":"IDE_ACTIVATED"}
{"ts":1707767709630,"action":"IDE_DEACTIVATED"}
{"ts":1707767739642,"action":"IDE_ACTIVATED"}
{"ts":1707767741411,"action":"IDE_DEACTIVATED"}
{"ts":1707767742580,"action":"IDE_ACTIVATED"}
{"ts":1707767759646,"action":"IDE_DEACTIVATED"}
{"ts":1707768112447,"action":"IDE_ACTIVATED"}
{"ts":1707769518393,"action":"IDE_DEACTIVATED"}
{"ts":1707769529237,"action":"IDE_ACTIVATED"}
{"ts":1707770362961,"action":"IDE_DEACTIVATED"}
{"ts":1707770827244,"action":"IDE_ACTIVATED"}
{"ts":1707770833208,"action":"IDE_DEACTIVATED"}
{"ts":1707770977269,"action":"IDE_ACTIVATED"}
{"ts":1707771478556,"action":"IDE_DEACTIVATED"}
{"ts":1707772063164,"action":"IDE_ACTIVATED"}
{"ts":1707772096807,"action":"FILE_CLOSED","file":"/src/main.rs","tags":{"FILE_LINE_OF_CODE":"112"}}
{"ts":1707772096808,"action":"FILE_OPENED","file":"/.gitignore","tags":{"FILE_LINE_OF_CODE":"2"}}
{"ts":1707772142625,"action":"FILE_CLOSED","file":"/.gitignore","tags":{"FILE_LINE_OF_CODE":"2"}}
{"ts":1707772142625,"action":"FILE_OPENED","file":"/src/main.rs","tags":{"FILE_LINE_OF_CODE":"112"}}
{"ts":1707772183510,"action":"IDE_DEACTIVATED"}
{"ts":1707772183516,"action":"IDE_ACTIVATED"}
{"ts":1707772186690,"action":"IDE_DEACTIVATED"}
{"ts":1707772186958,"action":"IDE_ACTIVATED"}
{"ts":1707772189119,"action":"IDE_DEACTIVATED"}
{"ts":1707772634421,"action":"IDE_ACTIVATED"}
{"ts":1707772665117,"action":"IDE_DEACTIVATED"}
{"ts":1707772669974,"action":"IDE_ACTIVATED"}
{"ts":1707772676648,"action":"IDE_DEACTIVATED"}
{"ts":1707772678045,"action":"IDE_ACTIVATED"}
